<?xml version="1.0"?>
<ldtp>
 <logfileoverwrite>1</logfileoverwrite>
 <logfile>imap-log.xml</logfile>
 <appmapfile>evolution.map</appmapfile>
 <group>
<!--  <script>
   <name>changecomponent.py</name>
  </script>
  <script>
   <name>changesentfolder.py</name>
   <data>changesentfolder.xml</data>
  </script>
 </group> 
 <group>-->
  <script>
   <name>compose-mail.py</name>
   <data>compose-mail.xml</data>
  </script>
<!--  <script>
   <name>compose-mail.py</name>
   <data>compose-mail-w-attachment.xml</data>
  </script>
 </group> 
 <group> 
  <script>
   <name>copymail.py</name>
   <data>copymail.xml</data>
  </script>
  <script>
   <name>deletemail.py</name>
   <data>deletemail.xml</data>
  </script>
  <script>
   <name>movemail.py</name>
   <data>movemail.xml</data>
  </script>
 </group>
 <group>
  <script>
   <name>forward-mail.py</name>
   <data>forward-mail.xml</data>
  </script>
  <script>
   <name>forward-mail.py</name>
   <data>forward-inline-mail.xml</data>
  </script>
  <script>
   <name>forward-mail.py</name>
   <data>forward-quoted-mail.xml</data>
  </script>
 </group>
 <group>
  <script>
   <name>search.py</name>
   <data>search-on-subject-sender.xml</data>
  </script>
  <script>
   <name>search.py</name>
   <data>search-on-sender.xml</data>
  </script>
  <script>
   <name>search.py</name>
   <data>search-on-subject.xml</data>
  </script>
 </group>
 <group>
  <script>
   <name>create-mail-folder.py</name>
   <data>create-mail-folder.xml</data>
  </script>
  <script>
   <name>rename-mail-folder.py</name>
   <data>rename-mail-folder.xml</data>
  </script>
  <script>
   <name>delete-mail-folder.py</name>
   <data>delete-mail-folder.xml</data>
  </script>
 </group>
 <group>
  <script>
   <name>create-search-folder-from-message.py</name>
   <data>search-folder-on-sender.xml</data>
  </script>
  <script>
   <name>create-search-folder-from-message.py</name>
   <data>search-folder-on-subject.xml</data>
  </script>-->
 </group>
</ldtp>
